
tp2.elf:     file format elf32-msp430


Disassembly of section .text:

00003100 <__watchdog_support>:
    3100:	b2 40 80 5a 	mov	#23168,	&0x0120	;#0x5a80
    3104:	20 01 

00003106 <__init_stack>:
    3106:	31 40 00 31 	mov	#12544,	r1	;#0x3100

0000310a <__do_copy_data>:
    310a:	3f 40 00 00 	mov	#0,	r15	;#0x0000
    310e:	0f 93       	tst	r15		
    3110:	05 24       	jz	$+12     	;abs 0x311c
    3112:	2f 83       	decd	r15		
    3114:	9f 4f 8c 31 	mov	12684(r15),4352(r15);0x318c(r15), 0x1100(r15)
    3118:	00 11 
    311a:	fb 23       	jnz	$-8      	;abs 0x3112

0000311c <__do_clear_bss>:
    311c:	3f 40 02 00 	mov	#2,	r15	;#0x0002
    3120:	0f 93       	tst	r15		
    3122:	04 24       	jz	$+10     	;abs 0x312c
    3124:	1f 83       	dec	r15		
    3126:	cf 43 00 11 	mov.b	#0,	4352(r15);r3 As==00, 0x1100(r15)
    312a:	fc 23       	jnz	$-6      	;abs 0x3124

0000312c <main>:
    312c:	04 41       	mov	r1,	r4	
    312e:	24 53       	incd	r4		
    3130:	e2 43 32 00 	mov.b	#2,	&0x0032	;r3 As==10
    3134:	82 43 00 11 	mov	#0,	&0x1100	;r3 As==00
    3138:	05 3c       	jmp	$+12     	;abs 0x3144
    313a:	1f 42 00 11 	mov	&0x1100,r15	
    313e:	1f 53       	inc	r15		
    3140:	82 4f 00 11 	mov	r15,	&0x1100	
    3144:	1f 42 00 11 	mov	&0x1100,r15	
    3148:	3f 90 20 4e 	cmp	#20000,	r15	;#0x4e20
    314c:	f6 2b       	jnc	$-18     	;abs 0x313a
    314e:	e2 43 31 00 	mov.b	#2,	&0x0031	;r3 As==10
    3152:	f2 40 06 00 	mov.b	#6,	&0x002a	;#0x0006
    3156:	2a 00 
    3158:	e2 43 29 00 	mov.b	#2,	&0x0029	;r3 As==10
    315c:	82 43 00 11 	mov	#0,	&0x1100	;r3 As==00
    3160:	05 3c       	jmp	$+12     	;abs 0x316c
    3162:	1f 42 00 11 	mov	&0x1100,r15	
    3166:	1f 53       	inc	r15		
    3168:	82 4f 00 11 	mov	r15,	&0x1100	
    316c:	1f 42 00 11 	mov	&0x1100,r15	
    3170:	3f 90 20 4e 	cmp	#20000,	r15	;#0x4e20
    3174:	f6 2b       	jnc	$-18     	;abs 0x3162
    3176:	c2 43 31 00 	mov.b	#0,	&0x0031	;r3 As==00
    317a:	c2 43 29 00 	mov.b	#0,	&0x0029	;r3 As==00
    317e:	da 3f       	jmp	$-74     	;abs 0x3134

00003180 <__stop_progExec__>:
    3180:	32 d0 f0 00 	bis	#240,	r2	;#0x00f0
    3184:	fd 3f       	jmp	$-4      	;abs 0x3180

00003186 <__ctors_end>:
    3186:	30 40 8a 31 	br	#0x318a	

0000318a <_unexpected_>:
    318a:	00 13       	reti			

Disassembly of section .vectors:

0000ffc0 <__ivtbl_32>:
    ffc0:	86 31 86 31 86 31 86 31 86 31 86 31 86 31 86 31     .1.1.1.1.1.1.1.1
    ffd0:	86 31 86 31 86 31 86 31 86 31 86 31 86 31 86 31     .1.1.1.1.1.1.1.1
    ffe0:	86 31 86 31 86 31 86 31 86 31 86 31 86 31 86 31     .1.1.1.1.1.1.1.1
    fff0:	86 31 86 31 86 31 86 31 86 31 86 31 86 31 00 31     .1.1.1.1.1.1.1.1
