
blink.elf:     file format elf32-msp430


Disassembly of section .text:

00003100 <__watchdog_support>:
    3100:	b2 40 80 5a 	mov	#23168,	&0x0120	;#0x5a80
    3104:	20 01 

00003106 <__init_stack>:
    3106:	31 40 00 31 	mov	#12544,	r1	;#0x3100

0000310a <__do_copy_data>:
    310a:	3f 40 00 00 	mov	#0,	r15	;#0x0000
    310e:	0f 93       	tst	r15		
    3110:	05 24       	jz	$+12     	;abs 0x311c
    3112:	2f 83       	decd	r15		
    3114:	9f 4f 96 31 	mov	12694(r15),4352(r15);0x3196(r15), 0x1100(r15)
    3118:	00 11 
    311a:	fb 23       	jnz	$-8      	;abs 0x3112

0000311c <__do_clear_bss>:
    311c:	3f 40 06 00 	mov	#6,	r15	;#0x0006
    3120:	0f 93       	tst	r15		
    3122:	04 24       	jz	$+10     	;abs 0x312c
    3124:	1f 83       	dec	r15		
    3126:	cf 43 00 11 	mov.b	#0,	4352(r15);r3 As==00, 0x1100(r15)
    312a:	fc 23       	jnz	$-6      	;abs 0x3124

0000312c <main>:
    312c:	04 41       	mov	r1,	r4	
    312e:	24 53       	incd	r4		
    3130:	b2 40 32 00 	mov	#50,	&0x1104	;#0x0032
    3134:	04 11 
    3136:	1f 42 04 11 	mov	&0x1104,r15	
    313a:	ef 43 00 00 	mov.b	#2,	0(r15)	;r3 As==10, 0x0000(r15)
    313e:	b2 40 31 00 	mov	#49,	&0x1100	;#0x0031
    3142:	00 11 
    3144:	82 43 02 11 	mov	#0,	&0x1102	;r3 As==00
    3148:	05 3c       	jmp	$+12     	;abs 0x3154
    314a:	1f 42 02 11 	mov	&0x1102,r15	
    314e:	1f 53       	inc	r15		
    3150:	82 4f 02 11 	mov	r15,	&0x1102	
    3154:	1f 42 02 11 	mov	&0x1102,r15	
    3158:	3f 90 20 4e 	cmp	#20000,	r15	;#0x4e20
    315c:	f6 2b       	jnc	$-18     	;abs 0x314a
    315e:	1f 42 00 11 	mov	&0x1100,r15	
    3162:	ef 43 00 00 	mov.b	#2,	0(r15)	;r3 As==10, 0x0000(r15)
    3166:	82 43 02 11 	mov	#0,	&0x1102	;r3 As==00
    316a:	05 3c       	jmp	$+12     	;abs 0x3176
    316c:	1f 42 02 11 	mov	&0x1102,r15	
    3170:	1f 53       	inc	r15		
    3172:	82 4f 02 11 	mov	r15,	&0x1102	
    3176:	1f 42 02 11 	mov	&0x1102,r15	
    317a:	3f 90 20 4e 	cmp	#20000,	r15	;#0x4e20
    317e:	f6 2b       	jnc	$-18     	;abs 0x316c
    3180:	1f 42 00 11 	mov	&0x1100,r15	
    3184:	cf 43 00 00 	mov.b	#0,	0(r15)	;r3 As==00, 0x0000(r15)
    3188:	dd 3f       	jmp	$-68     	;abs 0x3144

0000318a <__stop_progExec__>:
    318a:	32 d0 f0 00 	bis	#240,	r2	;#0x00f0
    318e:	fd 3f       	jmp	$-4      	;abs 0x318a

00003190 <__ctors_end>:
    3190:	30 40 94 31 	br	#0x3194	

00003194 <_unexpected_>:
    3194:	00 13       	reti			

Disassembly of section .vectors:

0000ffc0 <__ivtbl_32>:
    ffc0:	90 31 90 31 90 31 90 31 90 31 90 31 90 31 90 31     .1.1.1.1.1.1.1.1
    ffd0:	90 31 90 31 90 31 90 31 90 31 90 31 90 31 90 31     .1.1.1.1.1.1.1.1
    ffe0:	90 31 90 31 90 31 90 31 90 31 90 31 90 31 90 31     .1.1.1.1.1.1.1.1
    fff0:	90 31 90 31 90 31 90 31 90 31 90 31 90 31 00 31     .1.1.1.1.1.1.1.1
